<?xml version="1.0" encoding="utf-8" standalone="no"?>
<!--This file represents the results of running a test suite-->
<test-results name="C:\Documents and Settings\PaulF\My Documents\Visual Studio 2010\Projects\OldProjects\Rooms\WindowsFormsApplication1\UnitTests\bin\Debug\UnitTests.dll" total="1" errors="0" failures="0" not-run="0" inconclusive="0" ignored="0" skipped="0" invalid="0" date="2011-09-07" time="21:20:14">
  <environment nunit-version="2.5.9.10348" clr-version="2.0.50727.3053" os-version="Microsoft Windows NT 5.1.2600 Service Pack 3" platform="Win32NT" cwd="C:\Program Files\NUnit 2.5.9\bin\net-2.0" machine-name="PAUL" user="PaulF" user-domain="PAUL" />
  <culture-info current-culture="en-GB" current-uiculture="en-US" />
  <test-suite type="Assembly" name="C:\Documents and Settings\PaulF\My Documents\Visual Studio 2010\Projects\OldProjects\Rooms\WindowsFormsApplication1\UnitTests\bin\Debug\UnitTests.dll" executed="True" result="Success" success="True" time="1.875" asserts="0">
    <results>
      <test-suite type="Namespace" name="UnitTests" executed="True" result="Success" success="True" time="1.844" asserts="0">
        <results>
          <test-suite type="TestFixture" name="Class1" executed="True" result="Success" success="True" time="1.828" asserts="0">
            <results>
              <test-case name="UnitTests.Class1.Test1" executed="True" result="Success" success="True" time="1.781" asserts="2" />
            </results>
          </test-suite>
        </results>
      </test-suite>
    </results>
  </test-suite>
</test-results>